<?xml version="1.0" encoding="UTF-8"?>
<!-- Generated by org.testng.reporters.JUnitReportReporter -->
<testsuite skipped="0" hostname="DESKTOP-EDPB3UL" name="com.guru99.testCases.TestCase1" tests="1" failures="0" timestamp="08 Oct 2019 15:20:46 GMT" time="6.260" errors="0">
  <testcase name="testCase1" time="6.260" classname="com.guru99.testCases.TestCase1"/>
</testsuite> <!-- com.guru99.testCases.TestCase1 -->
