<?xml version="1.0" encoding="UTF-8"?>
<!-- Generated by org.testng.reporters.JUnitReportReporter -->
<testsuite skipped="0" hostname="DESKTOP-EDPB3UL" name="com.guru99.testCases.TestCase3" tests="1" failures="0" timestamp="08 Oct 2019 15:27:52 GMT" time="19.368" errors="0">
  <testcase name="testCase3" time="19.368" classname="com.guru99.testCases.TestCase3"/>
</testsuite> <!-- com.guru99.testCases.TestCase3 -->
