<?xml version="1.0" encoding="UTF-8"?>
<!-- Generated by org.testng.reporters.JUnitReportReporter -->
<testsuite skipped="0" hostname="DESKTOP-EDPB3UL" name="com.guru99.testCases.TestCase2" tests="1" failures="0" timestamp="08 Oct 2019 15:23:33 GMT" time="15.338" errors="0">
  <testcase name="testCase2" time="15.338" classname="com.guru99.testCases.TestCase2"/>
</testsuite> <!-- com.guru99.testCases.TestCase2 -->
