<?xml version="1.0" encoding="UTF-8"?>
<!-- Generated by org.testng.reporters.JUnitReportReporter -->
<testsuite skipped="0" hostname="DESKTOP-EDPB3UL" name="com.guru99.testCases.TestCase3" tests="1" failures="0" timestamp="05 Oct 2019 11:36:58 GMT" time="11.655" errors="0">
  <testcase name="testCase3" time="11.655" classname="com.guru99.testCases.TestCase3"/>
</testsuite> <!-- com.guru99.testCases.TestCase3 -->
