<?xml version="1.0" encoding="UTF-8"?>
<!-- Generated by org.testng.reporters.JUnitReportReporter -->
<testsuite skipped="0" hostname="DESKTOP-EDPB3UL" name="com.guru99.testCases.TestCase2" tests="1" failures="0" timestamp="06 Oct 2019 10:49:25 GMT" time="8.584" errors="0">
  <testcase name="testCase2" time="8.584" classname="com.guru99.testCases.TestCase2"/>
</testsuite> <!-- com.guru99.testCases.TestCase2 -->
