<?xml version="1.0" encoding="UTF-8"?>
<!-- Generated by org.testng.reporters.JUnitReportReporter -->
<testsuite skipped="0" hostname="DESKTOP-EDPB3UL" name="com.guru99.testCases.TestCase5" tests="1" failures="0" timestamp="15 Oct 2019 12:59:38 GMT" time="14.860" errors="0">
  <testcase name="testCase5_createUserWithEmail" time="14.860" classname="com.guru99.testCases.TestCase5"/>
</testsuite> <!-- com.guru99.testCases.TestCase5 -->
