<?xml version="1.0" encoding="UTF-8"?>
<!-- Generated by org.testng.reporters.JUnitReportReporter -->
<testsuite skipped="0" hostname="DESKTOP-EDPB3UL" name="com.guru99.testCases.TestCase1" tests="1" failures="0" timestamp="05 Oct 2019 07:49:15 GMT" time="4.818" errors="0">
  <testcase name="testCase1" time="4.818" classname="com.guru99.testCases.TestCase1"/>
</testsuite> <!-- com.guru99.testCases.TestCase1 -->
